<?xml version="1.0" encoding="UTF-8"?>
<testsuite name="com.minseob.study.springboot.domain.posts.PostsRepositoryTest" tests="2" skipped="0" failures="0" errors="0" timestamp="2020-07-28T09:36:01" hostname="user" time="1.096">
  <properties/>
  <testcase name="게시글저장_불러오기" classname="com.minseob.study.springboot.domain.posts.PostsRepositoryTest" time="1.066"/>
  <testcase name="BaseTimeEntity_등록" classname="com.minseob.study.springboot.domain.posts.PostsRepositoryTest" time="0.029"/>
  <system-out><![CDATA[18:35:27.092 [Test worker] DEBUG org.springframework.test.context.junit4.SpringJUnit4ClassRunner - SpringJUnit4ClassRunner constructor called with [class com.minseob.study.springboot.domain.posts.PostsRepositoryTest]
18:35:27.158 [Test worker] DEBUG org.springframework.test.context.BootstrapUtils - Instantiating CacheAwareContextLoaderDelegate from class [org.springframework.test.context.cache.DefaultCacheAwareContextLoaderDelegate]
18:35:27.228 [Test worker] DEBUG org.springframework.test.context.BootstrapUtils - Instantiating BootstrapContext using constructor [public org.springframework.test.context.support.DefaultBootstrapContext(java.lang.Class,org.springframework.test.context.CacheAwareContextLoaderDelegate)]
18:35:27.322 [Test worker] DEBUG org.springframework.test.context.BootstrapUtils - Instantiating TestContextBootstrapper for test class [com.minseob.study.springboot.domain.posts.PostsRepositoryTest] from class [org.springframework.boot.test.context.SpringBootTestContextBootstrapper]
18:35:27.440 [Test worker] INFO org.springframework.boot.test.context.SpringBootTestContextBootstrapper - Neither @ContextConfiguration nor @ContextHierarchy found for test class [com.minseob.study.springboot.domain.posts.PostsRepositoryTest], using SpringBootContextLoader
18:35:27.461 [Test worker] DEBUG org.springframework.test.context.support.AbstractContextLoader - Did not detect default resource location for test class [com.minseob.study.springboot.domain.posts.PostsRepositoryTest]: class path resource [com/minseob/study/springboot/domain/posts/PostsRepositoryTest-context.xml] does not exist
18:35:27.464 [Test worker] DEBUG org.springframework.test.context.support.AbstractContextLoader - Did not detect default resource location for test class [com.minseob.study.springboot.domain.posts.PostsRepositoryTest]: class path resource [com/minseob/study/springboot/domain/posts/PostsRepositoryTestContext.groovy] does not exist
18:35:27.465 [Test worker] INFO org.springframework.test.context.support.AbstractContextLoader - Could not detect default resource locations for test class [com.minseob.study.springboot.domain.posts.PostsRepositoryTest]: no resource found for suffixes {-context.xml, Context.groovy}.
18:35:27.471 [Test worker] INFO org.springframework.test.context.support.AnnotationConfigContextLoaderUtils - Could not detect default configuration classes for test class [com.minseob.study.springboot.domain.posts.PostsRepositoryTest]: PostsRepositoryTest does not declare any static, non-private, non-final, nested classes annotated with @Configuration.
18:35:27.781 [Test worker] DEBUG org.springframework.test.context.support.ActiveProfilesUtils - Could not find an 'annotation declaring class' for annotation type [org.springframework.test.context.ActiveProfiles] and class [com.minseob.study.springboot.domain.posts.PostsRepositoryTest]
18:35:28.327 [Test worker] DEBUG org.springframework.context.annotation.ClassPathScanningCandidateComponentProvider - Identified candidate component class: file [C:\Users\Owner\Desktop\seobseob\SeobGit\freelec-springboot_AWS_webservice_selfstudy_200521\build\classes\java\main\com\minseob\study\springboot\Application.class]
18:35:28.333 [Test worker] INFO org.springframework.boot.test.context.SpringBootTestContextBootstrapper - Found @SpringBootConfiguration com.minseob.study.springboot.Application for test class com.minseob.study.springboot.domain.posts.PostsRepositoryTest
18:35:29.058 [Test worker] DEBUG org.springframework.boot.test.context.SpringBootTestContextBootstrapper - @TestExecutionListeners is not present for class [com.minseob.study.springboot.domain.posts.PostsRepositoryTest]: using defaults.
18:35:29.063 [Test worker] INFO org.springframework.boot.test.context.SpringBootTestContextBootstrapper - Loaded default TestExecutionListener class names from location [META-INF/spring.factories]: [org.springframework.security.test.context.support.WithSecurityContextTestExecutionListener, org.springframework.security.test.context.support.ReactorContextTestExecutionListener, org.springframework.boot.test.autoconfigure.restdocs.RestDocsTestExecutionListener, org.springframework.boot.test.autoconfigure.web.client.MockRestServiceServerResetTestExecutionListener, org.springframework.boot.test.autoconfigure.web.servlet.MockMvcPrintOnlyOnFailureTestExecutionListener, org.springframework.boot.test.autoconfigure.web.servlet.WebDriverTestExecutionListener, org.springframework.boot.test.mock.mockito.MockitoTestExecutionListener, org.springframework.boot.test.mock.mockito.ResetMocksTestExecutionListener, org.springframework.test.context.web.ServletTestExecutionListener, org.springframework.test.context.support.DirtiesContextBeforeModesTestExecutionListener, org.springframework.test.context.support.DependencyInjectionTestExecutionListener, org.springframework.test.context.support.DirtiesContextTestExecutionListener, org.springframework.test.context.transaction.TransactionalTestExecutionListener, org.springframework.test.context.jdbc.SqlScriptsTestExecutionListener]
18:35:29.272 [Test worker] INFO org.springframework.boot.test.context.SpringBootTestContextBootstrapper - Using TestExecutionListeners: [org.springframework.test.context.web.ServletTestExecutionListener@1145cafd, org.springframework.test.context.support.DirtiesContextBeforeModesTestExecutionListener@22300ce7, org.springframework.boot.test.mock.mockito.MockitoTestExecutionListener@37299f64, org.springframework.boot.test.autoconfigure.SpringBootDependencyInjectionTestExecutionListener@4777b0a3, org.springframework.test.context.support.DirtiesContextTestExecutionListener@78da9892, org.springframework.test.context.transaction.TransactionalTestExecutionListener@5a2ff45a, org.springframework.test.context.jdbc.SqlScriptsTestExecutionListener@218682c4, org.springframework.security.test.context.support.WithSecurityContextTestExecutionListener@5b0eccff, org.springframework.security.test.context.support.ReactorContextTestExecutionListener@77bcc104, org.springframework.boot.test.autoconfigure.restdocs.RestDocsTestExecutionListener@5294668d, org.springframework.boot.test.autoconfigure.web.client.MockRestServiceServerResetTestExecutionListener@47914eb9, org.springframework.boot.test.autoconfigure.web.servlet.MockMvcPrintOnlyOnFailureTestExecutionListener@6a551b80, org.springframework.boot.test.autoconfigure.web.servlet.WebDriverTestExecutionListener@7b70532f, org.springframework.boot.test.mock.mockito.ResetMocksTestExecutionListener@aa1f2c2]
18:35:29.298 [Test worker] DEBUG org.springframework.test.annotation.ProfileValueUtils - Retrieved @ProfileValueSourceConfiguration [null] for test class [com.minseob.study.springboot.domain.posts.PostsRepositoryTest]
18:35:29.305 [Test worker] DEBUG org.springframework.test.annotation.ProfileValueUtils - Retrieved ProfileValueSource type [class org.springframework.test.annotation.SystemProfileValueSource] for class [com.minseob.study.springboot.domain.posts.PostsRepositoryTest]
18:35:29.316 [Test worker] DEBUG org.springframework.test.annotation.ProfileValueUtils - Retrieved @ProfileValueSourceConfiguration [null] for test class [com.minseob.study.springboot.domain.posts.PostsRepositoryTest]
18:35:29.320 [Test worker] DEBUG org.springframework.test.annotation.ProfileValueUtils - Retrieved ProfileValueSource type [class org.springframework.test.annotation.SystemProfileValueSource] for class [com.minseob.study.springboot.domain.posts.PostsRepositoryTest]
18:35:29.355 [Test worker] DEBUG org.springframework.test.context.support.AbstractDirtiesContextTestExecutionListener - Before test class: context [DefaultTestContext@3ea45020 testClass = PostsRepositoryTest, testInstance = [null], testMethod = [null], testException = [null], mergedContextConfiguration = [WebMergedContextConfiguration@31a5b4d4 testClass = PostsRepositoryTest, locations = '{}', classes = '{class com.minseob.study.springboot.Application}', contextInitializerClasses = '[]', activeProfiles = '{}', propertySourceLocations = '{}', propertySourceProperties = '{org.springframework.boot.test.context.SpringBootTestContextBootstrapper=true}', contextCustomizers = set[org.springframework.boot.test.autoconfigure.properties.PropertyMappingContextCustomizer@0, org.springframework.boot.test.autoconfigure.web.servlet.WebDriverContextCustomizerFactory$Customizer@b7d2de5, org.springframework.boot.test.context.filter.ExcludeFilterContextCustomizer@15cb2465, org.springframework.boot.test.json.DuplicateJsonObjectContextCustomizerFactory$DuplicateJsonObjectContextCustomizer@4ce5ae60, org.springframework.boot.test.mock.mockito.MockitoContextCustomizer@0, org.springframework.boot.test.web.client.TestRestTemplateContextCustomizer@701bbd0f], resourceBasePath = 'src/main/webapp', contextLoader = 'org.springframework.boot.test.context.SpringBootContextLoader', parent = [null]], attributes = map['org.springframework.test.context.web.ServletTestExecutionListener.activateListener' -> true]], class annotated with @DirtiesContext [false] with mode [null].
18:35:29.367 [Test worker] DEBUG org.springframework.test.annotation.ProfileValueUtils - Retrieved @ProfileValueSourceConfiguration [null] for test class [com.minseob.study.springboot.domain.posts.PostsRepositoryTest]
18:35:29.369 [Test worker] DEBUG org.springframework.test.annotation.ProfileValueUtils - Retrieved ProfileValueSource type [class org.springframework.test.annotation.SystemProfileValueSource] for class [com.minseob.study.springboot.domain.posts.PostsRepositoryTest]
18:35:29.527 [Test worker] DEBUG org.springframework.test.context.support.TestPropertySourceUtils - Adding inlined properties to environment: {spring.jmx.enabled=false, org.springframework.boot.test.context.SpringBootTestContextBootstrapper=true, server.port=-1}

  .   ____          _            __ _ _
 /\\ / ___'_ __ _ _(_)_ __  __ _ \ \ \ \
( ( )\___ | '_ | '_| | '_ \/ _` | \ \ \ \
 \\/  ___)| |_)| | | | | || (_| |  ) ) ) )
  '  |____| .__|_| |_|_| |_\__, | / / / /
 =========|_|==============|___/=/_/_/_/
 :: Spring Boot ::        (v2.1.7.RELEASE)

2020-07-28 18:35:30.931  INFO 27284 --- [    Test worker] c.m.s.s.d.posts.PostsRepositoryTest      : Starting PostsRepositoryTest on user with PID 27284 (started by Owner in C:\Users\Owner\Desktop\seobseob\SeobGit\freelec-springboot_AWS_webservice_selfstudy_200521)
2020-07-28 18:35:30.936  INFO 27284 --- [    Test worker] c.m.s.s.d.posts.PostsRepositoryTest      : No active profile set, falling back to default profiles: default
2020-07-28 18:35:34.790  INFO 27284 --- [    Test worker] .s.d.r.c.RepositoryConfigurationDelegate : Bootstrapping Spring Data repositories in DEFAULT mode.
2020-07-28 18:35:35.080  INFO 27284 --- [    Test worker] .s.d.r.c.RepositoryConfigurationDelegate : Finished Spring Data repository scanning in 263ms. Found 2 repository interfaces.
2020-07-28 18:35:38.153  INFO 27284 --- [    Test worker] trationDelegate$BeanPostProcessorChecker : Bean 'org.springframework.transaction.annotation.ProxyTransactionManagementConfiguration' of type [org.springframework.transaction.annotation.ProxyTransactionManagementConfiguration$$EnhancerBySpringCGLIB$$20354c08] is not eligible for getting processed by all BeanPostProcessors (for example: not eligible for auto-proxying)
2020-07-28 18:35:39.428  INFO 27284 --- [    Test worker] com.zaxxer.hikari.HikariDataSource       : HikariPool-1 - Starting...
2020-07-28 18:35:40.066  INFO 27284 --- [    Test worker] com.zaxxer.hikari.HikariDataSource       : HikariPool-1 - Start completed.
2020-07-28 18:35:40.510  INFO 27284 --- [    Test worker] o.hibernate.jpa.internal.util.LogHelper  : HHH000204: Processing PersistenceUnitInfo [
	name: default
	...]
2020-07-28 18:35:41.051  INFO 27284 --- [    Test worker] org.hibernate.Version                    : HHH000412: Hibernate Core {5.3.10.Final}
2020-07-28 18:35:41.070  INFO 27284 --- [    Test worker] org.hibernate.cfg.Environment            : HHH000206: hibernate.properties not found
2020-07-28 18:35:42.668  INFO 27284 --- [    Test worker] o.hibernate.annotations.common.Version   : HCANN000001: Hibernate Commons Annotations {5.0.4.Final}
2020-07-28 18:35:44.053  INFO 27284 --- [    Test worker] org.hibernate.dialect.Dialect            : HHH000400: Using dialect: org.hibernate.dialect.MySQL5InnoDBDialect
Hibernate: drop table if exists posts
Hibernate: drop table if exists user
Hibernate: create table posts (id bigint not null auto_increment, created_date datetime, modified_date datetime, author varchar(255), content TEXT not null, title varchar(500) not null, primary key (id)) engine=InnoDB
Hibernate: create table user (id bigint not null auto_increment, email varchar(255) not null, name varchar(255) not null, picture varchar(255), role varchar(255) not null, primary key (id)) engine=InnoDB
2020-07-28 18:35:49.217  INFO 27284 --- [    Test worker] o.h.t.schema.internal.SchemaCreatorImpl  : HHH000476: Executing import script 'org.hibernate.tool.schema.internal.exec.ScriptSourceInputNonExistentImpl@1e91a53c'
2020-07-28 18:35:49.266  INFO 27284 --- [    Test worker] j.LocalContainerEntityManagerFactoryBean : Initialized JPA EntityManagerFactory for persistence unit 'default'
2020-07-28 18:35:52.870  INFO 27284 --- [    Test worker] o.h.h.i.QueryTranslatorFactoryInitiator  : HHH000397: Using ASTQueryTranslatorFactory
2020-07-28 18:35:55.369  INFO 27284 --- [    Test worker] o.s.s.web.DefaultSecurityFilterChain     : Creating filter chain: any request, [org.springframework.security.web.context.request.async.WebAsyncManagerIntegrationFilter@15647f17, org.springframework.security.web.context.SecurityContextPersistenceFilter@1088e7ef, org.springframework.security.web.header.HeaderWriterFilter@2813bbf1, org.springframework.security.web.authentication.logout.LogoutFilter@319beb27, org.springframework.security.oauth2.client.web.OAuth2AuthorizationRequestRedirectFilter@479f6465, org.springframework.security.oauth2.client.web.OAuth2LoginAuthenticationFilter@449d278b, org.springframework.security.web.authentication.ui.DefaultLoginPageGeneratingFilter@5b2e5640, org.springframework.security.web.authentication.ui.DefaultLogoutPageGeneratingFilter@1ef186c8, org.springframework.security.web.savedrequest.RequestCacheAwareFilter@64be9926, org.springframework.security.web.servletapi.SecurityContextHolderAwareRequestFilter@361085d5, org.springframework.security.web.authentication.AnonymousAuthenticationFilter@1da41ba0, org.springframework.security.web.session.SessionManagementFilter@14cdc12c, org.springframework.security.web.access.ExceptionTranslationFilter@3b5842e9, org.springframework.security.web.access.intercept.FilterSecurityInterceptor@2a32ecbd]
2020-07-28 18:35:58.411  INFO 27284 --- [    Test worker] o.s.s.concurrent.ThreadPoolTaskExecutor  : Initializing ExecutorService 'applicationTaskExecutor'
2020-07-28 18:35:58.669  WARN 27284 --- [    Test worker] aWebConfiguration$JpaWebMvcConfiguration : spring.jpa.open-in-view is enabled by default. Therefore, database queries may be performed during view rendering. Explicitly configure spring.jpa.open-in-view to disable this warning
2020-07-28 18:35:58.912  INFO 27284 --- [    Test worker] o.s.b.a.w.s.WelcomePageHandlerMapping    : Adding welcome page template: index
2020-07-28 18:36:01.577  INFO 27284 --- [    Test worker] s.a.ScheduledAnnotationBeanPostProcessor : No TaskScheduler/ScheduledExecutorService bean found for scheduled processing
2020-07-28 18:36:01.623  INFO 27284 --- [    Test worker] c.m.s.s.d.posts.PostsRepositoryTest      : Started PostsRepositoryTest in 32.039 seconds (JVM running for 39.742)
Hibernate: insert into posts (created_date, modified_date, author, content, title) values (?, ?, ?, ?, ?)
Hibernate: select posts0_.id as id1_0_, posts0_.created_date as created_2_0_, posts0_.modified_date as modified3_0_, posts0_.author as author4_0_, posts0_.content as content5_0_, posts0_.title as title6_0_ from posts posts0_
Hibernate: select posts0_.id as id1_0_, posts0_.created_date as created_2_0_, posts0_.modified_date as modified3_0_, posts0_.author as author4_0_, posts0_.content as content5_0_, posts0_.title as title6_0_ from posts posts0_
Hibernate: delete from posts where id=?
Hibernate: insert into posts (created_date, modified_date, author, content, title) values (?, ?, ?, ?, ?)
Hibernate: select posts0_.id as id1_0_, posts0_.created_date as created_2_0_, posts0_.modified_date as modified3_0_, posts0_.author as author4_0_, posts0_.content as content5_0_, posts0_.title as title6_0_ from posts posts0_
>>>>>>> createDate = 2020-07-28T18:36:02.795, modifiedDate=2020-07-28T18:36:02.795
Hibernate: select posts0_.id as id1_0_, posts0_.created_date as created_2_0_, posts0_.modified_date as modified3_0_, posts0_.author as author4_0_, posts0_.content as content5_0_, posts0_.title as title6_0_ from posts posts0_
Hibernate: delete from posts where id=?
]]></system-out>
  <system-err><![CDATA[]]></system-err>
</testsuite>
