<?xml version="1.0" encoding="UTF-8"?>
<testsuite name="com.minseob.study.springboot.web.dto.HelloResponseDtoTest" tests="1" skipped="0" failures="0" errors="0" timestamp="2020-07-28T09:36:02" hostname="user" time="0.009">
  <properties/>
  <testcase name="롬복_기능_테스트" classname="com.minseob.study.springboot.web.dto.HelloResponseDtoTest" time="0.009"/>
  <system-out><![CDATA[]]></system-out>
  <system-err><![CDATA[]]></system-err>
</testsuite>
