<?xml version="1.0" encoding="UTF-8"?>
<testsuite name="com.minseob.study.springboot.web.IndexControllerTest" tests="1" skipped="0" failures="0" errors="0" timestamp="2020-05-23T10:51:57" hostname="user" time="0.633">
  <properties/>
  <testcase name="메이페이지_로딩" classname="com.minseob.study.springboot.web.IndexControllerTest" time="0.633"/>
  <system-out><![CDATA[2020-05-23 19:51:45.619  INFO 8836 --- [    Test worker] .b.t.c.SpringBootTestContextBootstrapper : Neither @ContextConfiguration nor @ContextHierarchy found for test class [com.minseob.study.springboot.web.IndexControllerTest], using SpringBootContextLoader
2020-05-23 19:51:45.624  INFO 8836 --- [    Test worker] o.s.t.c.support.AbstractContextLoader    : Could not detect default resource locations for test class [com.minseob.study.springboot.web.IndexControllerTest]: no resource found for suffixes {-context.xml, Context.groovy}.
2020-05-23 19:51:45.626  INFO 8836 --- [    Test worker] t.c.s.AnnotationConfigContextLoaderUtils : Could not detect default configuration classes for test class [com.minseob.study.springboot.web.IndexControllerTest]: IndexControllerTest does not declare any static, non-private, non-final, nested classes annotated with @Configuration.
2020-05-23 19:51:45.635  INFO 8836 --- [    Test worker] .b.t.c.SpringBootTestContextBootstrapper : Found @SpringBootConfiguration com.minseob.study.springboot.Application for test class com.minseob.study.springboot.web.IndexControllerTest
2020-05-23 19:51:45.643  INFO 8836 --- [    Test worker] .b.t.c.SpringBootTestContextBootstrapper : Loaded default TestExecutionListener class names from location [META-INF/spring.factories]: [org.springframework.security.test.context.support.WithSecurityContextTestExecutionListener, org.springframework.security.test.context.support.ReactorContextTestExecutionListener, org.springframework.boot.test.autoconfigure.restdocs.RestDocsTestExecutionListener, org.springframework.boot.test.autoconfigure.web.client.MockRestServiceServerResetTestExecutionListener, org.springframework.boot.test.autoconfigure.web.servlet.MockMvcPrintOnlyOnFailureTestExecutionListener, org.springframework.boot.test.autoconfigure.web.servlet.WebDriverTestExecutionListener, org.springframework.boot.test.mock.mockito.MockitoTestExecutionListener, org.springframework.boot.test.mock.mockito.ResetMocksTestExecutionListener, org.springframework.test.context.web.ServletTestExecutionListener, org.springframework.test.context.support.DirtiesContextBeforeModesTestExecutionListener, org.springframework.test.context.support.DependencyInjectionTestExecutionListener, org.springframework.test.context.support.DirtiesContextTestExecutionListener, org.springframework.test.context.transaction.TransactionalTestExecutionListener, org.springframework.test.context.jdbc.SqlScriptsTestExecutionListener]
2020-05-23 19:51:45.651  INFO 8836 --- [    Test worker] .b.t.c.SpringBootTestContextBootstrapper : Using TestExecutionListeners: [org.springframework.test.context.web.ServletTestExecutionListener@5a05e74c, org.springframework.test.context.support.DirtiesContextBeforeModesTestExecutionListener@4846d61b, org.springframework.boot.test.mock.mockito.MockitoTestExecutionListener@71c85796, org.springframework.boot.test.autoconfigure.SpringBootDependencyInjectionTestExecutionListener@76fc7894, org.springframework.test.context.support.DirtiesContextTestExecutionListener@336ce80, org.springframework.test.context.transaction.TransactionalTestExecutionListener@7dbe26f3, org.springframework.test.context.jdbc.SqlScriptsTestExecutionListener@4ef9aa35, org.springframework.security.test.context.support.WithSecurityContextTestExecutionListener@5b5453a6, org.springframework.security.test.context.support.ReactorContextTestExecutionListener@6e23d482, org.springframework.boot.test.autoconfigure.restdocs.RestDocsTestExecutionListener@62a6ee0b, org.springframework.boot.test.autoconfigure.web.client.MockRestServiceServerResetTestExecutionListener@610d4868, org.springframework.boot.test.autoconfigure.web.servlet.MockMvcPrintOnlyOnFailureTestExecutionListener@183dee8c, org.springframework.boot.test.autoconfigure.web.servlet.WebDriverTestExecutionListener@68cabecd, org.springframework.boot.test.mock.mockito.ResetMocksTestExecutionListener@3d49c369]

  .   ____          _            __ _ _
 /\\ / ___'_ __ _ _(_)_ __  __ _ \ \ \ \
( ( )\___ | '_ | '_| | '_ \/ _` | \ \ \ \
 \\/  ___)| |_)| | | | | || (_| |  ) ) ) )
  '  |____| .__|_| |_|_| |_\__, | / / / /
 =========|_|==============|___/=/_/_/_/
 :: Spring Boot ::        (v2.1.7.RELEASE)

2020-05-23 19:51:45.900  INFO 8836 --- [    Test worker] c.m.s.s.web.IndexControllerTest          : Starting IndexControllerTest on user with PID 8836 (started by Owner in C:\Users\Owner\Desktop\seobseob\SeobGit\freelec-springboot_AWS_webservice_selfstudy_200521)
2020-05-23 19:51:45.901  INFO 8836 --- [    Test worker] c.m.s.s.web.IndexControllerTest          : No active profile set, falling back to default profiles: default
2020-05-23 19:51:47.369  INFO 8836 --- [    Test worker] .s.d.r.c.RepositoryConfigurationDelegate : Bootstrapping Spring Data repositories in DEFAULT mode.
2020-05-23 19:51:47.535  INFO 8836 --- [    Test worker] .s.d.r.c.RepositoryConfigurationDelegate : Finished Spring Data repository scanning in 163ms. Found 2 repository interfaces.
2020-05-23 19:51:47.999  INFO 8836 --- [    Test worker] trationDelegate$BeanPostProcessorChecker : Bean 'org.springframework.transaction.annotation.ProxyTransactionManagementConfiguration' of type [org.springframework.transaction.annotation.ProxyTransactionManagementConfiguration$$EnhancerBySpringCGLIB$$2ebeea74] is not eligible for getting processed by all BeanPostProcessors (for example: not eligible for auto-proxying)
2020-05-23 19:51:49.098  INFO 8836 --- [    Test worker] o.s.b.w.embedded.tomcat.TomcatWebServer  : Tomcat initialized with port(s): 0 (http)
2020-05-23 19:51:49.219  INFO 8836 --- [    Test worker] o.apache.catalina.core.StandardService   : Starting service [Tomcat]
2020-05-23 19:51:49.220  INFO 8836 --- [    Test worker] org.apache.catalina.core.StandardEngine  : Starting Servlet engine: [Apache Tomcat/9.0.22]
2020-05-23 19:51:49.802  INFO 8836 --- [    Test worker] o.a.c.c.C.[Tomcat].[localhost].[/]       : Initializing Spring embedded WebApplicationContext
2020-05-23 19:51:49.803  INFO 8836 --- [    Test worker] o.s.web.context.ContextLoader            : Root WebApplicationContext: initialization completed in 3869 ms
2020-05-23 19:51:50.665  INFO 8836 --- [    Test worker] com.zaxxer.hikari.HikariDataSource       : HikariPool-2 - Starting...
2020-05-23 19:51:50.668  INFO 8836 --- [    Test worker] com.zaxxer.hikari.HikariDataSource       : HikariPool-2 - Start completed.
2020-05-23 19:51:50.902  INFO 8836 --- [    Test worker] o.hibernate.jpa.internal.util.LogHelper  : HHH000204: Processing PersistenceUnitInfo [
	name: default
	...]
2020-05-23 19:51:50.988  INFO 8836 --- [    Test worker] org.hibernate.dialect.Dialect            : HHH000400: Using dialect: org.hibernate.dialect.MySQL5InnoDBDialect
Hibernate: drop table if exists posts
Hibernate: drop table if exists user
Hibernate: create table posts (id bigint not null auto_increment, created_date datetime, modified_date datetime, author varchar(255), content TEXT not null, title varchar(500) not null, primary key (id)) engine=InnoDB
Hibernate: create table user (id bigint not null auto_increment, email varchar(255) not null, name varchar(255) not null, picture varchar(255), role varchar(255) not null, primary key (id)) engine=InnoDB
2020-05-23 19:51:51.257  INFO 8836 --- [    Test worker] o.h.t.schema.internal.SchemaCreatorImpl  : HHH000476: Executing import script 'org.hibernate.tool.schema.internal.exec.ScriptSourceInputNonExistentImpl@4778570e'
2020-05-23 19:51:51.261  INFO 8836 --- [    Test worker] j.LocalContainerEntityManagerFactoryBean : Initialized JPA EntityManagerFactory for persistence unit 'default'
2020-05-23 19:51:52.891  INFO 8836 --- [    Test worker] o.h.h.i.QueryTranslatorFactoryInitiator  : HHH000397: Using ASTQueryTranslatorFactory
2020-05-23 19:51:53.636  INFO 8836 --- [    Test worker] o.s.s.web.DefaultSecurityFilterChain     : Creating filter chain: any request, [org.springframework.security.web.context.request.async.WebAsyncManagerIntegrationFilter@6868724, org.springframework.security.web.context.SecurityContextPersistenceFilter@1df65994, org.springframework.security.web.header.HeaderWriterFilter@1d0c47ba, org.springframework.security.web.authentication.logout.LogoutFilter@13817c2c, org.springframework.security.oauth2.client.web.OAuth2AuthorizationRequestRedirectFilter@6970ee39, org.springframework.security.oauth2.client.web.OAuth2LoginAuthenticationFilter@76600a7c, org.springframework.security.web.authentication.ui.DefaultLoginPageGeneratingFilter@3c14a8c3, org.springframework.security.web.authentication.ui.DefaultLogoutPageGeneratingFilter@fe7c731, org.springframework.security.web.savedrequest.RequestCacheAwareFilter@23b6aeaa, org.springframework.security.web.servletapi.SecurityContextHolderAwareRequestFilter@5cf81cf1, org.springframework.security.web.authentication.AnonymousAuthenticationFilter@6108e1d2, org.springframework.security.web.session.SessionManagementFilter@6210538e, org.springframework.security.web.access.ExceptionTranslationFilter@6c2a5a8a, org.springframework.security.web.access.intercept.FilterSecurityInterceptor@536b507d]
2020-05-23 19:51:55.327  INFO 8836 --- [    Test worker] o.s.s.concurrent.ThreadPoolTaskExecutor  : Initializing ExecutorService 'applicationTaskExecutor'
2020-05-23 19:51:55.450  WARN 8836 --- [    Test worker] aWebConfiguration$JpaWebMvcConfiguration : spring.jpa.open-in-view is enabled by default. Therefore, database queries may be performed during view rendering. Explicitly configure spring.jpa.open-in-view to disable this warning
2020-05-23 19:51:55.687  INFO 8836 --- [    Test worker] o.s.b.a.w.s.WelcomePageHandlerMapping    : Adding welcome page template: index
2020-05-23 19:51:57.728  INFO 8836 --- [    Test worker] s.a.ScheduledAnnotationBeanPostProcessor : No TaskScheduler/ScheduledExecutorService bean found for scheduled processing
2020-05-23 19:51:57.817  INFO 8836 --- [    Test worker] o.s.b.w.embedded.tomcat.TomcatWebServer  : Tomcat started on port(s): 14095 (http) with context path ''
2020-05-23 19:51:57.821  INFO 8836 --- [    Test worker] c.m.s.s.web.IndexControllerTest          : Started IndexControllerTest in 12.15 seconds (JVM running for 69.028)
2020-05-23 19:51:58.138  INFO 8836 --- [o-auto-1-exec-1] o.a.c.c.C.[Tomcat].[localhost].[/]       : Initializing Spring DispatcherServlet 'dispatcherServlet'
2020-05-23 19:51:58.139  INFO 8836 --- [o-auto-1-exec-1] o.s.web.servlet.DispatcherServlet        : Initializing Servlet 'dispatcherServlet'
2020-05-23 19:51:58.264  INFO 8836 --- [o-auto-1-exec-1] o.s.web.servlet.DispatcherServlet        : Completed initialization in 125 ms
Hibernate: select posts0_.id as id1_0_, posts0_.created_date as created_2_0_, posts0_.modified_date as modified3_0_, posts0_.author as author4_0_, posts0_.content as content5_0_, posts0_.title as title6_0_ from posts posts0_ order by posts0_.id DESC
]]></system-out>
  <system-err><![CDATA[]]></system-err>
</testsuite>
