<?xml version="1.0" encoding="UTF-8"?>
<testsuite name="com.minseob.study.springboot.web.HelloControllerTest" tests="2" skipped="0" failures="0" errors="0" timestamp="2020-07-28T09:36:07" hostname="user" time="0.615">
  <properties/>
  <testcase name="hello가_리턴된다" classname="com.minseob.study.springboot.web.HelloControllerTest" time="0.271"/>
  <testcase name="helloDto가_리턴되다" classname="com.minseob.study.springboot.web.HelloControllerTest" time="0.343"/>
  <system-out><![CDATA[2020-07-28 18:36:02.861  INFO 27284 --- [    Test worker] .b.t.a.w.s.WebMvcTestContextBootstrapper : Neither @ContextConfiguration nor @ContextHierarchy found for test class [com.minseob.study.springboot.web.HelloControllerTest], using SpringBootContextLoader
2020-07-28 18:36:02.865  INFO 27284 --- [    Test worker] o.s.t.c.support.AbstractContextLoader    : Could not detect default resource locations for test class [com.minseob.study.springboot.web.HelloControllerTest]: no resource found for suffixes {-context.xml, Context.groovy}.
2020-07-28 18:36:02.867  INFO 27284 --- [    Test worker] t.c.s.AnnotationConfigContextLoaderUtils : Could not detect default configuration classes for test class [com.minseob.study.springboot.web.HelloControllerTest]: HelloControllerTest does not declare any static, non-private, non-final, nested classes annotated with @Configuration.
2020-07-28 18:36:02.961  INFO 27284 --- [    Test worker] .b.t.c.SpringBootTestContextBootstrapper : Found @SpringBootConfiguration com.minseob.study.springboot.Application for test class com.minseob.study.springboot.web.HelloControllerTest
2020-07-28 18:36:02.965  INFO 27284 --- [    Test worker] .b.t.a.w.s.WebMvcTestContextBootstrapper : Loaded default TestExecutionListener class names from location [META-INF/spring.factories]: [org.springframework.security.test.context.support.WithSecurityContextTestExecutionListener, org.springframework.security.test.context.support.ReactorContextTestExecutionListener, org.springframework.boot.test.autoconfigure.restdocs.RestDocsTestExecutionListener, org.springframework.boot.test.autoconfigure.web.client.MockRestServiceServerResetTestExecutionListener, org.springframework.boot.test.autoconfigure.web.servlet.MockMvcPrintOnlyOnFailureTestExecutionListener, org.springframework.boot.test.autoconfigure.web.servlet.WebDriverTestExecutionListener, org.springframework.boot.test.mock.mockito.MockitoTestExecutionListener, org.springframework.boot.test.mock.mockito.ResetMocksTestExecutionListener, org.springframework.test.context.web.ServletTestExecutionListener, org.springframework.test.context.support.DirtiesContextBeforeModesTestExecutionListener, org.springframework.test.context.support.DependencyInjectionTestExecutionListener, org.springframework.test.context.support.DirtiesContextTestExecutionListener, org.springframework.test.context.transaction.TransactionalTestExecutionListener, org.springframework.test.context.jdbc.SqlScriptsTestExecutionListener]
2020-07-28 18:36:02.974  INFO 27284 --- [    Test worker] .b.t.a.w.s.WebMvcTestContextBootstrapper : Using TestExecutionListeners: [org.springframework.test.context.web.ServletTestExecutionListener@7721cede, org.springframework.test.context.support.DirtiesContextBeforeModesTestExecutionListener@76305026, org.springframework.boot.test.mock.mockito.MockitoTestExecutionListener@403da8e3, org.springframework.boot.test.autoconfigure.SpringBootDependencyInjectionTestExecutionListener@2c055b87, org.springframework.test.context.support.DirtiesContextTestExecutionListener@552b27e7, org.springframework.test.context.transaction.TransactionalTestExecutionListener@21eeec04, org.springframework.test.context.jdbc.SqlScriptsTestExecutionListener@cb9326a, org.springframework.security.test.context.support.WithSecurityContextTestExecutionListener@ae69919, org.springframework.security.test.context.support.ReactorContextTestExecutionListener@67e93bd, org.springframework.boot.test.autoconfigure.restdocs.RestDocsTestExecutionListener@5026c1ba, org.springframework.boot.test.autoconfigure.web.client.MockRestServiceServerResetTestExecutionListener@154983b6, org.springframework.boot.test.autoconfigure.web.servlet.MockMvcPrintOnlyOnFailureTestExecutionListener@2b59fe57, org.springframework.boot.test.autoconfigure.web.servlet.WebDriverTestExecutionListener@59c863fa, org.springframework.boot.test.mock.mockito.ResetMocksTestExecutionListener@3f855268]

  .   ____          _            __ _ _
 /\\ / ___'_ __ _ _(_)_ __  __ _ \ \ \ \
( ( )\___ | '_ | '_| | '_ \/ _` | \ \ \ \
 \\/  ___)| |_)| | | | | || (_| |  ) ) ) )
  '  |____| .__|_| |_|_| |_\__, | / / / /
 =========|_|==============|___/=/_/_/_/
 :: Spring Boot ::        (v2.1.7.RELEASE)

2020-07-28 18:36:03.131  INFO 27284 --- [    Test worker] c.m.s.s.web.HelloControllerTest          : Starting HelloControllerTest on user with PID 27284 (started by Owner in C:\Users\Owner\Desktop\seobseob\SeobGit\freelec-springboot_AWS_webservice_selfstudy_200521)
2020-07-28 18:36:03.133  INFO 27284 --- [    Test worker] c.m.s.s.web.HelloControllerTest          : No active profile set, falling back to default profiles: default
2020-07-28 18:36:05.187  INFO 27284 --- [    Test worker] o.s.s.concurrent.ThreadPoolTaskExecutor  : Initializing ExecutorService 'applicationTaskExecutor'
2020-07-28 18:36:05.403  INFO 27284 --- [    Test worker] o.s.b.a.w.s.WelcomePageHandlerMapping    : Adding welcome page template: index
2020-07-28 18:36:06.677  INFO 27284 --- [    Test worker] .s.s.UserDetailsServiceAutoConfiguration : 

Using generated security password: 536cf63e-5bb1-4d1a-981f-2530dd377421

2020-07-28 18:36:07.472  INFO 27284 --- [    Test worker] o.s.s.web.DefaultSecurityFilterChain     : Creating filter chain: any request, [org.springframework.security.web.context.request.async.WebAsyncManagerIntegrationFilter@5b251cbc, org.springframework.security.web.context.SecurityContextPersistenceFilter@66cba935, org.springframework.security.web.header.HeaderWriterFilter@1a3c7b60, org.springframework.security.web.csrf.CsrfFilter@35f7912c, org.springframework.security.web.authentication.logout.LogoutFilter@1af30f5, org.springframework.security.web.authentication.UsernamePasswordAuthenticationFilter@1dd2257f, org.springframework.security.web.authentication.ui.DefaultLoginPageGeneratingFilter@37e7dc2f, org.springframework.security.web.authentication.ui.DefaultLogoutPageGeneratingFilter@7e9bb6b6, org.springframework.security.web.authentication.www.BasicAuthenticationFilter@613c235f, org.springframework.security.web.savedrequest.RequestCacheAwareFilter@2410cca, org.springframework.security.web.servletapi.SecurityContextHolderAwareRequestFilter@7b5f8099, org.springframework.security.web.authentication.AnonymousAuthenticationFilter@7e3d54e1, org.springframework.security.web.session.SessionManagementFilter@13cbf7fa, org.springframework.security.web.access.ExceptionTranslationFilter@4a15df71, org.springframework.security.web.access.intercept.FilterSecurityInterceptor@11ec5fc3]
2020-07-28 18:36:07.636  INFO 27284 --- [    Test worker] o.s.b.t.m.w.SpringBootMockServletContext : Initializing Spring TestDispatcherServlet ''
2020-07-28 18:36:07.637  INFO 27284 --- [    Test worker] o.s.t.web.servlet.TestDispatcherServlet  : Initializing Servlet ''
2020-07-28 18:36:07.697  INFO 27284 --- [    Test worker] o.s.t.web.servlet.TestDispatcherServlet  : Completed initialization in 59 ms
2020-07-28 18:36:07.831  INFO 27284 --- [    Test worker] c.m.s.s.web.HelloControllerTest          : Started HelloControllerTest in 4.842 seconds (JVM running for 45.95)
]]></system-out>
  <system-err><![CDATA[]]></system-err>
</testsuite>
